common/build/intermediates/manifest_merge_blame_file/release/manifest-merger-blame-release-report.txt
1<?xml version="1.0" encoding="utf-8"?>
2<manifest xmlns:android="http://schemas.android.com/apk/res/android"
3    package="com.tawabsoft.taxi.common"
4    android:versionCode="1"
5    android:versionName="1.0.0" >
6
7    <uses-sdk
8        android:minSdkVersion="19"
8-->src\main\AndroidManifest.xml
9        android:targetSdkVersion="29" />
9-->src\main\AndroidManifest.xml
10
11    <uses-permission android:name="android.permission.ACCESS_FINE_LOCATION" />
11-->src\main\AndroidManifest.xml:5:5-79
11-->src\main\AndroidManifest.xml:5:22-76
12    <uses-permission android:name="android.permission.ACCESS_COARSE_LOCATION" />
12-->src\main\AndroidManifest.xml:6:5-81
12-->src\main\AndroidManifest.xml:6:22-78
13    <uses-permission android:name="android.permission.ACCESS_NETWORK_STATE" />
13-->src\main\AndroidManifest.xml:7:5-79
13-->src\main\AndroidManifest.xml:7:22-76
14    <uses-permission android:name="android.permission.READ_EXTERNAL_STORAGE" />
14-->src\main\AndroidManifest.xml:8:5-80
14-->src\main\AndroidManifest.xml:8:22-77
15    <uses-permission android:name="android.permission.WRITE_EXTERNAL_STORAGE" />
15-->src\main\AndroidManifest.xml:9:5-81
15-->src\main\AndroidManifest.xml:9:22-78
16
17    <application>
17-->src\main\AndroidManifest.xml:11:5-26:19
18        <activity android:name="com.tawabsoft.taxi.common.activities.chat.ChatActivity" />
18-->src\main\AndroidManifest.xml:12:9-91
18-->src\main\AndroidManifest.xml:12:19-88
19        <activity android:name="com.tawabsoft.taxi.common.activities.travels.TravelsActivity" />
19-->src\main\AndroidManifest.xml:13:9-97
19-->src\main\AndroidManifest.xml:13:19-94
20        <activity android:name="com.tawabsoft.taxi.common.activities.contactUs.ContactUsActivity" />
20-->src\main\AndroidManifest.xml:14:9-101
20-->src\main\AndroidManifest.xml:14:19-98
21        <activity android:name="com.tawabsoft.taxi.common.activities.chargeAccount.PaymentCallbackActivity" >
21-->src\main\AndroidManifest.xml:15:9-24:20
21-->src\main\AndroidManifest.xml:15:19-108
22            <intent-filter>
22-->src\main\AndroidManifest.xml:16:13-23:29
23                <action android:name="android.intent.action.VIEW" />
23-->src\main\AndroidManifest.xml:17:17-69
23-->src\main\AndroidManifest.xml:17:25-66
24
25                <category android:name="android.intent.category.DEFAULT" />
25-->src\main\AndroidManifest.xml:19:17-76
25-->src\main\AndroidManifest.xml:19:27-73
26                <category android:name="android.intent.category.BROWSABLE" />
26-->src\main\AndroidManifest.xml:20:17-78
26-->src\main\AndroidManifest.xml:20:27-75
27
28                <data android:scheme="taxi" />
28-->src\main\AndroidManifest.xml:22:17-47
28-->src\main\AndroidManifest.xml:22:23-44
29            </intent-filter>
30        </activity>
31        <activity android:name="com.tawabsoft.taxi.common.activities.transactions.TransactionsActivity" />
31-->src\main\AndroidManifest.xml:25:9-107
31-->src\main\AndroidManifest.xml:25:19-104
32    </application>
33
34</manifest>